<?xml version="1.0" encoding="UTF-8"?>
<testng-results ignored="0" total="1" passed="1" failed="0" skipped="0">
  <reporter-output>
  </reporter-output>
  <suite started-at="2020-07-27T12:33:38Z" name="Default suite" finished-at="2020-07-27T12:35:32Z" duration-ms="114763">
    <groups>
    </groups>
    <test started-at="2020-07-27T12:33:38Z" name="Default test" finished-at="2020-07-27T12:35:32Z" duration-ms="114763">
      <class name="com.hospitality.qa.testcases.TestRochBookingPageTest">
        <test-method is-config="true" signature="setUp()[pri:0, instance:com.hospitality.qa.testcases.TestRochBookingPageTest@60611244]" started-at="2020-07-27T12:33:41Z" name="setUp" finished-at="2020-07-27T12:34:11Z" duration-ms="29947" status="PASS">
          <reporter-output>
          </reporter-output>
        </test-method> <!-- setUp -->
        <test-method signature="SearchHotel(java.lang.String, java.lang.String, java.lang.String, java.lang.String, java.lang.String, java.lang.String, java.lang.String, java.lang.String, java.lang.String, java.lang.String, java.lang.String, java.lang.String, java.lang.String, java.lang.String, java.lang.String, java.lang.String)[pri:1, instance:com.hospitality.qa.testcases.TestRochBookingPageTest@60611244]" started-at="2020-07-27T12:34:11Z" name="SearchHotel" data-provider="getRochGData" finished-at="2020-07-27T12:35:32Z" duration-ms="80918" status="PASS">
          <params>
            <param index="0">
              <value>
                <![CDATA[Test]]>
              </value>
            </param>
            <param index="1">
              <value>
                <![CDATA[User]]>
              </value>
            </param>
            <param index="2">
              <value>
                <![CDATA[satyainnovanda@gmail.com]]>
              </value>
            </param>
            <param index="3">
              <value>
                <![CDATA[8.08318006E9]]>
              </value>
            </param>
            <param index="4">
              <value>
                <![CDATA[corona]]>
              </value>
            </param>
            <param index="5">
              <value>
                <![CDATA[test address]]>
              </value>
            </param>
            <param index="6">
              <value>
                <![CDATA[Patna]]>
              </value>
            </param>
            <param index="7">
              <value>
                <![CDATA[India]]>
              </value>
            </param>
            <param index="8">
              <value>
                <![CDATA[801110.0]]>
              </value>
            </param>
            <param index="9">
              <value>
                <![CDATA[Testing purpose]]>
              </value>
            </param>
            <param index="10">
              <value>
                <![CDATA[Visa/Delta/Electron]]>
              </value>
            </param>
            <param index="11">
              <value>
                <![CDATA[4444333322221111]]>
              </value>
            </param>
            <param index="12">
              <value>
                <![CDATA[Aug]]>
              </value>
            </param>
            <param index="13">
              <value>
                <![CDATA[2023]]>
              </value>
            </param>
            <param index="14">
              <value>
                <![CDATA[test]]>
              </value>
            </param>
            <param index="15">
              <value>
                <![CDATA[429]]>
              </value>
            </param>
          </params>
          <reporter-output>
          </reporter-output>
        </test-method> <!-- SearchHotel -->
      </class> <!-- com.hospitality.qa.testcases.TestRochBookingPageTest -->
    </test> <!-- Default test -->
  </suite> <!-- Default suite -->
</testng-results>
